<?xml version="1.0" encoding="utf-8"?><testsuites name="pytest tests"><testsuite name="pytest" errors="0" failures="1" skipped="0" tests="8" time="55.315" timestamp="2026-04-20T17:06:17.040202+00:00" hostname="agent-env-cf4c6b3f-5249-4432-a0a1-35c3346d238d"><testcase classname="backend.tests.test_dashboard_features.TestHealth" name="test_health_returns_ok" time="0.240" /><testcase classname="backend.tests.test_dashboard_features.TestAIContentGenerate" name="test_generate_with_topic_only" time="3.661" /><testcase classname="backend.tests.test_dashboard_features.TestAIContentGenerate" name="test_generate_with_topic_and_image" time="0.516"><failure message="AssertionError: got 500: {&quot;detail&quot;:{&quot;error&quot;:&quot;Generation failed&quot;,&quot;detail&quot;:&quot;Error code: 400 - {'error': {'message': 'You uploaded an unsupported image. Please make sure your image is valid.', 'type': 'invalid_request_error', 'param': None, 'code': 'image_parse_error'}}&quot;}}&#10;assert 500 == 200&#10; +  where 500 = &lt;Response [500]&gt;.status_code">backend/tests/test_dashboard_features.py:69: in test_generate_with_topic_and_image
    assert r.status_code == 200, f"got {r.status_code}: {r.text[:300]}"
E   AssertionError: got 500: {"detail":{"error":"Generation failed","detail":"Error code: 400 - {'error': {'message': 'You uploaded an unsupported image. Please make sure your image is valid.', 'type': 'invalid_request_error', 'param': None, 'code': 'image_parse_error'}}"}}
E   assert 500 == 200
E    +  where 500 = &lt;Response [500]&gt;.status_code</failure></testcase><testcase classname="backend.tests.test_dashboard_features.TestAIContentGenerate" name="test_generate_empty_returns_400" time="0.121" /><testcase classname="backend.tests.test_dashboard_features.TestCarouselIdeas" name="test_ideas_instagram_finance" time="6.217" /><testcase classname="backend.tests.test_dashboard_features.TestCarouselIdeas" name="test_ideas_caching_same_request" time="14.034" /><testcase classname="backend.tests.test_dashboard_features.TestCarouselIdeas" name="test_ideas_different_combo_returns_fresh" time="29.494" /><testcase classname="backend.tests.test_dashboard_features.TestUserPreferences" name="test_get_unset_returns_data_null" time="0.929" /></testsuite></testsuites>