<?xml version="1.0" encoding="utf-8"?><testsuites name="pytest tests"><testsuite name="pytest" errors="0" failures="0" skipped="13" tests="21" time="6.856" timestamp="2026-04-18T05:06:35.795680+00:00" hostname="agent-env-6866ca84-51af-473a-86d9-6fac8e7cc255"><testcase classname="backend.tests.test_carousel_endpoints.TestHealthEndpoint" name="test_health_returns_ok" time="0.290" /><testcase classname="backend.tests.test_carousel_endpoints.TestSlideStrengthHeuristic" name="test_slide_strength_hook_strong" time="0.104" /><testcase classname="backend.tests.test_carousel_endpoints.TestSlideStrengthHeuristic" name="test_slide_strength_value_with_numbers" time="0.120" /><testcase classname="backend.tests.test_carousel_endpoints.TestSlideStrengthHeuristic" name="test_slide_strength_weak_slide" time="0.104" /><testcase classname="backend.tests.test_carousel_endpoints.TestSlideStrengthHeuristic" name="test_slide_strength_engagement_words" time="0.124" /><testcase classname="backend.tests.test_carousel_endpoints.TestCarouselGenerate" name="test_carousel_generate_basic" time="2.181"><skipped type="pytest.skip" message="LLM budget exceeded - endpoint signature correct">/app/backend/tests/test_carousel_endpoints.py:135: LLM budget exceeded - endpoint signature correct</skipped></testcase><testcase classname="backend.tests.test_carousel_endpoints.TestCarouselGenerate" name="test_carousel_generate_validation_empty_topic" time="0.147" /><testcase classname="backend.tests.test_carousel_endpoints.TestCarouselRegenerateSlide" name="test_regenerate_slide_basic" time="0.388"><skipped type="pytest.skip" message="LLM budget exceeded - endpoint signature correct">/app/backend/tests/test_carousel_endpoints.py:196: LLM budget exceeded - endpoint signature correct</skipped></testcase><testcase classname="backend.tests.test_carousel_endpoints.TestHookSwitch" name="test_hook_switch_bold" time="0.130"><skipped type="pytest.skip" message="LLM budget exceeded - endpoint signature correct">/app/backend/tests/test_carousel_endpoints.py:228: LLM budget exceeded - endpoint signature correct</skipped></testcase><testcase classname="backend.tests.test_carousel_endpoints.TestHookSwitch" name="test_hook_switch_story" time="0.192"><skipped type="pytest.skip" message="LLM budget exceeded - endpoint signature correct">/app/backend/tests/test_carousel_endpoints.py:251: LLM budget exceeded - endpoint signature correct</skipped></testcase><testcase classname="backend.tests.test_carousel_endpoints.TestFlowOptimize" name="test_flow_optimize_basic" time="0.243"><skipped type="pytest.skip" message="LLM budget exceeded - endpoint signature correct">/app/backend/tests/test_carousel_endpoints.py:283: LLM budget exceeded - endpoint signature correct</skipped></testcase><testcase classname="backend.tests.test_carousel_endpoints.TestFlowOptimize" name="test_flow_optimize_validation_too_few_slides" time="0.098" /><testcase classname="backend.tests.test_carousel_endpoints.TestBalanceText" name="test_balance_text_basic" time="0.189"><skipped type="pytest.skip" message="LLM budget exceeded - endpoint signature correct">/app/backend/tests/test_carousel_endpoints.py:333: LLM budget exceeded - endpoint signature correct</skipped></testcase><testcase classname="backend.tests.test_carousel_endpoints.TestSlideAssistExtended" name="test_slide_assist_viral" time="0.207"><skipped type="pytest.skip" message="LLM budget exceeded - endpoint signature correct">/app/backend/tests/test_carousel_endpoints.py:361: LLM budget exceeded - endpoint signature correct</skipped></testcase><testcase classname="backend.tests.test_carousel_endpoints.TestSlideAssistExtended" name="test_slide_assist_simplify" time="0.135"><skipped type="pytest.skip" message="LLM budget exceeded - endpoint signature correct">/app/backend/tests/test_carousel_endpoints.py:381: LLM budget exceeded - endpoint signature correct</skipped></testcase><testcase classname="backend.tests.test_carousel_endpoints.TestSlideAssistExtended" name="test_slide_assist_rewrite_hook" time="0.198"><skipped type="pytest.skip" message="LLM budget exceeded - endpoint signature correct">/app/backend/tests/test_carousel_endpoints.py:401: LLM budget exceeded - endpoint signature correct</skipped></testcase><testcase classname="backend.tests.test_carousel_endpoints.TestGenerateImage" name="test_generate_image_basic" time="0.272"><skipped type="pytest.skip" message="LLM budget exceeded - endpoint signature correct">/app/backend/tests/test_carousel_endpoints.py:429: LLM budget exceeded - endpoint signature correct</skipped></testcase><testcase classname="backend.tests.test_carousel_endpoints.TestGenerateImage" name="test_generate_image_validation_empty_prompt" time="0.118" /><testcase classname="backend.tests.test_carousel_endpoints.TestRegressionCIC" name="test_cic_generate_mode" time="1.204"><skipped type="pytest.skip" message="LLM budget exceeded - endpoint signature correct">/app/backend/tests/test_carousel_endpoints.py:473: LLM budget exceeded - endpoint signature correct</skipped></testcase><testcase classname="backend.tests.test_carousel_endpoints.TestRegressionGeneratePoll" name="test_generate_poll_basic" time="0.129"><skipped type="pytest.skip" message="LLM budget exceeded - endpoint signature correct">/app/backend/tests/test_carousel_endpoints.py:502: LLM budget exceeded - endpoint signature correct</skipped></testcase><testcase classname="backend.tests.test_carousel_endpoints.TestRegressionAdaptPlatform" name="test_adapt_platform_instagram" time="0.136"><skipped type="pytest.skip" message="LLM budget exceeded - endpoint signature correct">/app/backend/tests/test_carousel_endpoints.py:532: LLM budget exceeded - endpoint signature correct</skipped></testcase></testsuite></testsuites>